<?xml version="1.0" encoding="UTF-8"?>
<!-- Generated by org.testng.reporters.JUnitReportReporter -->
<testsuite hostname="DESKTOP-8U4S44M" failures="0" tests="1" name="Interview_RestAssured.ToCheckWhetherTheResponseBodyIsJsonObjectTest" time="3.393" errors="0" timestamp="2023-08-24T15:58:16 IST" skipped="0">
  <testcase classname="Interview_RestAssured.ToCheckWhetherTheResponseBodyIsJsonObjectTest" name="checkJsonObject" time="3.393"/>
</testsuite> <!-- Interview_RestAssured.ToCheckWhetherTheResponseBodyIsJsonObjectTest -->
