<?xml version="1.0" encoding="UTF-8"?>
<!-- Generated by org.testng.reporters.JUnitReportReporter -->
<testsuite hostname="DESKTOP-8U4S44M" failures="0" tests="1" name="DifferaentWaysToPostARequest.JsonObject" time="3.121" errors="0" timestamp="2023-08-07T10:31:55 IST" skipped="0">
  <testcase classname="DifferaentWaysToPostARequest.JsonObject" name="usingJsonObject" time="3.121"/>
</testsuite> <!-- DifferaentWaysToPostARequest.JsonObject -->
