<?xml version="1.0" encoding="UTF-8"?>
<!-- Generated by org.testng.reporters.JUnitReportReporter -->
<testsuite hostname="DESKTOP-8U4S44M" failures="0" tests="1" name="BDDApproachRMG.UpdatePut" time="4.099" errors="0" timestamp="2023-08-04T16:25:22 IST" skipped="0">
  <testcase classname="BDDApproachRMG.UpdatePut" name="updateProject" time="4.099"/>
</testsuite> <!-- BDDApproachRMG.UpdatePut -->
