<?xml version="1.0" encoding="UTF-8"?>
<!-- Generated by org.testng.reporters.JUnitReportReporter -->
<testsuite hostname="DESKTOP-8U4S44M" failures="0" tests="1" name="Serialization.DeSeriliazationJsonToJava" time="0.310" errors="0" timestamp="2023-08-10T13:06:59 IST" skipped="0">
  <testcase classname="Serialization.DeSeriliazationJsonToJava" name="empAOB" time="0.310"/>
</testsuite> <!-- Serialization.DeSeriliazationJsonToJava -->
