<?xml version="1.0" encoding="UTF-8"?>
<!-- Generated by org.testng.reporters.JUnitReportReporter -->
<testsuite hostname="DESKTOP-8U4S44M" failures="0" tests="1" name="DifferaentWaysToPostARequest.PojoClassReqres" time="4.954" errors="0" timestamp="2023-08-07T15:40:24 IST" skipped="0">
  <testcase classname="DifferaentWaysToPostARequest.PojoClassReqres" name="usingHashMapReqres" time="4.954"/>
</testsuite> <!-- DifferaentWaysToPostARequest.PojoClassReqres -->
