<?xml version="1.0" encoding="UTF-8"?>
<!-- Generated by org.testng.reporters.JUnitReportReporter -->
<testsuite hostname="DESKTOP-8U4S44M" failures="0" tests="1" name="RequestChaining.RequestChainingReqres" time="5.446" errors="0" timestamp="2023-08-13T19:19:54 IST" skipped="0">
  <testcase classname="RequestChaining.RequestChainingReqres" name="chainingReqres" time="5.446"/>
</testsuite> <!-- RequestChaining.RequestChainingReqres -->
