<?xml version="1.0" encoding="UTF-8"?>
<!-- Generated by org.testng.reporters.JUnitReportReporter -->
<testsuite hostname="DESKTOP-8U4S44M" failures="0" tests="1" name="DifferaentWaysToPostARequest.UsingHashMap" time="3.339" errors="0" timestamp="2023-08-07T10:35:22 IST" skipped="0">
  <testcase classname="DifferaentWaysToPostARequest.UsingHashMap" name="usingMap" time="3.339"/>
</testsuite> <!-- DifferaentWaysToPostARequest.UsingHashMap -->
