<?xml version="1.0" encoding="UTF-8"?>
<!-- Generated by org.testng.reporters.JUnitReportReporter -->
<testsuite hostname="DESKTOP-8U4S44M" failures="0" tests="1" name="ResponceBodyValidation.DynamicReponseValidationReqres" time="3.774" errors="0" timestamp="2023-08-16T12:51:55 IST" skipped="0">
  <testcase classname="ResponceBodyValidation.DynamicReponseValidationReqres" name="checkDynamicResponse" time="3.774"/>
</testsuite> <!-- ResponceBodyValidation.DynamicReponseValidationReqres -->
