<?xml version="1.0" encoding="UTF-8"?>
<!-- Generated by org.testng.reporters.JUnitReportReporter -->
<testsuite hostname="DESKTOP-8U4S44M" failures="0" tests="1" name="Parameters.Pathparameter" time="2.245" errors="0" timestamp="2023-08-07T17:27:07 IST" skipped="0">
  <testcase classname="Parameters.Pathparameter" name="pathParameter" time="2.245"/>
</testsuite> <!-- Parameters.Pathparameter -->
