<?xml version="1.0" encoding="UTF-8"?>
<!-- Generated by org.testng.reporters.JUnitReportReporter -->
<testsuite hostname="DESKTOP-8U4S44M" failures="0" tests="1" name="ResponceBodyValidation.StaticResponseReqres" time="4.242" errors="0" timestamp="2023-09-30T12:32:13 IST" skipped="0">
  <testcase classname="ResponceBodyValidation.StaticResponseReqres" name="staticRes" time="4.242"/>
</testsuite> <!-- ResponceBodyValidation.StaticResponseReqres -->
