<?xml version="1.0" encoding="UTF-8"?>
<!-- Generated by org.testng.reporters.JUnitReportReporter -->
<testsuite hostname="DESKTOP-8U4S44M" failures="0" tests="1" name="DifferaentWaysToPostARequest.JsonFile1" time="3.338" errors="0" timestamp="2023-08-07T10:14:47 IST" skipped="0">
  <testcase classname="DifferaentWaysToPostARequest.JsonFile1" name="jsonFilePost" time="3.338"/>
</testsuite> <!-- DifferaentWaysToPostARequest.JsonFile1 -->
