<?xml version="1.0" encoding="UTF-8"?>
<!-- Generated by org.testng.reporters.JUnitReportReporter -->
<testsuite hostname="DESKTOP-8U4S44M" failures="0" tests="1" name="BDDApproachRMG.CreatePost" time="3.287" errors="0" timestamp="2023-08-11T11:20:31 IST" skipped="0">
  <testcase classname="BDDApproachRMG.CreatePost" name="createPost" time="3.287"/>
</testsuite> <!-- BDDApproachRMG.CreatePost -->
