<?xml version="1.0" encoding="UTF-8"?>
<!-- Generated by org.testng.reporters.JUnitReportReporter -->
<testsuite hostname="DESKTOP-8U4S44M" failures="0" tests="1" name="Serialization.EmpDeSeriliazationJsonToJava" time="0.478" errors="0" timestamp="2023-09-25T15:46:29 IST" skipped="0">
  <testcase classname="Serialization.EmpDeSeriliazationJsonToJava" name="empAOB" time="0.478"/>
</testsuite> <!-- Serialization.EmpDeSeriliazationJsonToJava -->
