<?xml version="1.0" encoding="UTF-8"?>
<!-- Generated by org.testng.reporters.JUnitReportReporter -->
<testsuite hostname="DESKTOP-8U4S44M" failures="0" tests="1" name="RequestChaining.ChainingPost" time="3.665" errors="0" timestamp="2023-08-08T10:18:55 IST" skipped="0">
  <testcase classname="RequestChaining.ChainingPost" name="postChaining" time="3.665"/>
</testsuite> <!-- RequestChaining.ChainingPost -->
