<?xml version="1.0" encoding="UTF-8"?>
<!-- Generated by org.testng.reporters.JUnitReportReporter -->
<testsuite hostname="DESKTOP-8U4S44M" failures="0" tests="1" name="ResponceBodyValidation.StaticReponseValidation" time="4.850" errors="0" timestamp="2023-08-07T13:04:37 IST" skipped="0">
  <testcase classname="ResponceBodyValidation.StaticReponseValidation" name="checkStaticResponse" time="4.850"/>
</testsuite> <!-- ResponceBodyValidation.StaticReponseValidation -->
