<?xml version="1.0" encoding="UTF-8"?>
<!-- Generated by org.testng.reporters.JUnitReportReporter -->
<testsuite hostname="DESKTOP-8U4S44M" failures="0" tests="1" name="DifferaentWaysToPostARequest.JsonObjectReqres" time="4.506" errors="0" timestamp="2023-08-07T15:32:33 IST" skipped="0">
  <testcase classname="DifferaentWaysToPostARequest.JsonObjectReqres" name="jsonObjectReqres" time="4.506"/>
</testsuite> <!-- DifferaentWaysToPostARequest.JsonObjectReqres -->
