<?xml version="1.0" encoding="UTF-8"?>
<!-- Generated by org.testng.reporters.JUnitReportReporter -->
<testsuite hostname="DESKTOP-8U4S44M" failures="0" tests="1" name="BDDApproachRMG.Put" time="3.415" errors="0" timestamp="2023-08-04T15:48:44 IST" skipped="0">
  <testcase classname="BDDApproachRMG.Put" name="updateProject" time="3.415"/>
</testsuite> <!-- BDDApproachRMG.Put -->
