<?xml version="1.0" encoding="UTF-8"?>
<!-- Generated by org.testng.reporters.JUnitReportReporter -->
<testsuite hostname="DESKTOP-8U4S44M" failures="0" tests="1" name="ResponceBodyValidation.StaticResponse" time="4.670" errors="0" timestamp="2023-08-07T13:06:54 IST" skipped="0">
  <testcase classname="ResponceBodyValidation.StaticResponse" name="staticRes" time="4.670"/>
</testsuite> <!-- ResponceBodyValidation.StaticResponse -->
