<?xml version="1.0" encoding="UTF-8"?>
<!-- Generated by org.testng.reporters.JUnitReportReporter -->
<testsuite hostname="DESKTOP-8U4S44M" failures="0" tests="1" name="Parameters.QueryPathparameter" time="3.508" errors="0" timestamp="2023-08-07T18:07:09 IST" skipped="0">
  <testcase classname="Parameters.QueryPathparameter" name="paraMeters" time="3.508"/>
</testsuite> <!-- Parameters.QueryPathparameter -->
