<?xml version="1.0" encoding="UTF-8"?>
<!-- Generated by org.testng.reporters.JUnitReportReporter -->
<testsuite hostname="DESKTOP-8U4S44M" failures="0" tests="1" name="DifferaentWaysToPostARequest.UsingPojoClass" time="2.997" errors="0" timestamp="2023-08-07T10:26:02 IST" skipped="0">
  <testcase classname="DifferaentWaysToPostARequest.UsingPojoClass" name="usingPojo" time="2.997"/>
</testsuite> <!-- DifferaentWaysToPostARequest.UsingPojoClass -->
