<?xml version="1.0" encoding="UTF-8"?>
<!-- Generated by org.testng.reporters.JUnitReportReporter -->
<testsuite hostname="DESKTOP-8U4S44M" failures="0" tests="1" name="practiceReqres.CRUD_GetAllUsers" time="2.934" errors="0" timestamp="2023-08-04T11:06:26 IST" skipped="0">
  <testcase classname="practiceReqres.CRUD_GetAllUsers" name="getAllusersFromReqres" time="2.934"/>
</testsuite> <!-- practiceReqres.CRUD_GetAllUsers -->
