<?xml version="1.0" encoding="UTF-8"?>
<!-- Generated by org.testng.reporters.JUnitReportReporter -->
<testsuite hostname="DESKTOP-8U4S44M" failures="0" tests="1" name="practiceRMG_Yantra.CRUD_GetSingleUser" time="2.191" errors="0" timestamp="2023-08-04T12:31:54 IST" skipped="0">
  <testcase classname="practiceRMG_Yantra.CRUD_GetSingleUser" name="getSingleUserName" time="2.191"/>
</testsuite> <!-- practiceRMG_Yantra.CRUD_GetSingleUser -->
