<?xml version="1.0" encoding="UTF-8"?>
<!-- Generated by org.testng.reporters.JUnitReportReporter -->
<testsuite hostname="DESKTOP-8U4S44M" failures="0" tests="1" name="FrameWork.CreateProjectWithOutPOM" time="6.208" errors="0" timestamp="2023-08-11T18:06:18 IST" skipped="0">
  <testcase classname="FrameWork.CreateProjectWithOutPOM" name="createProjectInDatabe" time="6.208"/>
  <system-out>
    <![CDATA[------------------CONNECTED TO DATABASE----------------
  BROWSER IS LAUNCHED............ 
  login to the Application...............
  LOgOuting from the Application ...............
  BROWSER Closed................
------------------DATABASE CLOSED----------------]]>
  </system-out>
</testsuite> <!-- FrameWork.CreateProjectWithOutPOM -->
