<?xml version="1.0" encoding="UTF-8"?>
<!-- Generated by org.testng.reporters.JUnitReportReporter -->
<testsuite hostname="DESKTOP-8U4S44M" failures="0" tests="3" name="Serialization.EmpDeSeriliazationJsonToJava" time="0.438" errors="0" timestamp="2023-08-14T14:37:08 IST" skipped="0">
  <testcase classname="Serialization.EmpDeSeriliazationJsonToJava" name="deSer" time="0.381"/>
  <testcase classname="Serialization.EmpDeSeriliazationJsonToJava" name="complexDeSer" time="0.039"/>
  <testcase classname="Serialization.EmpDeSeriliazationJsonToJava" name="empAOB" time="0.018"/>
</testsuite> <!-- Serialization.EmpDeSeriliazationJsonToJava -->
