<?xml version="1.0" encoding="UTF-8"?>
<!-- Generated by org.testng.reporters.JUnitReportReporter -->
<testsuite hostname="DESKTOP-8U4S44M" failures="0" tests="1" name="FrameWork.CheckProjectLogin$Logout" time="0.765" errors="0" timestamp="2023-08-11T17:27:01 IST" skipped="0">
  <testcase classname="FrameWork.CheckProjectLogin$Logout" name="check" time="0.765">
    <system-out>
      <![CDATA[CHECKED]]>
    </system-out>
  </testcase> <!-- check -->
  <system-out>
    <![CDATA[------------------CONNECTED TO DATABASE----------------
  BROWSER IS LAUNCHED............ 
  login to the Application...............
CHECKED
  LOgOuting from the Application ...............
  BROWSER Closed................
------------------DATABASE CLOSED----------------]]>
  </system-out>
</testsuite> <!-- FrameWork.CheckProjectLogin$Logout -->
