<?xml version="1.0" encoding="UTF-8"?>
<!-- Generated by org.testng.reporters.JUnitReportReporter -->
<testsuite hostname="DESKTOP-8U4S44M" failures="0" tests="1" name="Authentication.Basic_PrimitiveAuth" time="2.779" errors="0" timestamp="2023-08-08T15:33:25 IST" skipped="0">
  <testcase classname="Authentication.Basic_PrimitiveAuth" name="primitiveAuth" time="2.779"/>
</testsuite> <!-- Authentication.Basic_PrimitiveAuth -->
