<?xml version="1.0" encoding="UTF-8"?>
<!-- Generated by org.testng.reporters.JUnitReportReporter -->
<testsuite hostname="DESKTOP-8U4S44M" failures="0" tests="1" name="Authentication.OAuth2_Coops_api" time="5.821" errors="0" timestamp="2023-08-09T15:14:30 IST" skipped="0">
  <testcase classname="Authentication.OAuth2_Coops_api" name="oauthToken" time="5.821"/>
</testsuite> <!-- Authentication.OAuth2_Coops_api -->
