<?xml version="1.0" encoding="UTF-8"?>
<!-- Generated by org.testng.reporters.JUnitReportReporter -->
<testsuite hostname="DESKTOP-8U4S44M" failures="0" tests="1" name="BDDApproachRMG.Post" time="3.024" errors="0" timestamp="2023-08-04T15:40:14 IST" skipped="0">
  <testcase classname="BDDApproachRMG.Post" name="createPost" time="3.024"/>
</testsuite> <!-- BDDApproachRMG.Post -->
