<?xml version="1.0" encoding="UTF-8"?>
<!-- Generated by org.testng.reporters.JUnitReportReporter -->
<testsuite hostname="DESKTOP-8U4S44M" failures="0" tests="1" name="DifferaentWaysToPostARequest.HashMapReqres" time="5.280" errors="0" timestamp="2023-08-07T15:30:05 IST" skipped="0">
  <testcase classname="DifferaentWaysToPostARequest.HashMapReqres" name="usingHashMapReqres" time="5.280"/>
</testsuite> <!-- DifferaentWaysToPostARequest.HashMapReqres -->
