<?xml version="1.0" encoding="UTF-8"?>
<!-- Generated by org.testng.reporters.JUnitReportReporter -->
<testsuite hostname="DESKTOP-8U4S44M" failures="0" tests="1" name="practiceReqres.Crud_Post" time="3.523" errors="0" timestamp="2023-08-04T15:17:09 IST" skipped="0">
  <testcase classname="practiceReqres.Crud_Post" name="createProjectTest" time="3.523"/>
</testsuite> <!-- practiceReqres.Crud_Post -->
