<?xml version="1.0" encoding="UTF-8"?>
<!-- Generated by org.testng.reporters.JUnitReportReporter -->
<testsuite hostname="DESKTOP-8U4S44M" failures="0" tests="3" name="DataDrivenTesting.DDTUsingDataProvider" time="3.169" errors="0" timestamp="2023-08-08T11:38:19 IST" skipped="0">
  <testcase classname="DataDrivenTesting.DDTUsingDataProvider" name="createProject" time="0.123"/>
  <testcase classname="DataDrivenTesting.DDTUsingDataProvider" name="createProject" time="0.207"/>
  <testcase classname="DataDrivenTesting.DDTUsingDataProvider" name="createProject" time="2.839"/>
</testsuite> <!-- DataDrivenTesting.DDTUsingDataProvider -->
