<?xml version="1.0" encoding="UTF-8"?>
<!-- Generated by org.testng.reporters.JUnitReportReporter -->
<testsuite hostname="DESKTOP-8U4S44M" failures="0" tests="3" name="Serialization.EmpSerializationJavaToJson" time="0.366" errors="0" timestamp="2023-09-25T13:11:13 IST" skipped="0">
  <testcase classname="Serialization.EmpSerializationJavaToJson" name="simpleEmpSer" time="0.006"/>
  <testcase classname="Serialization.EmpSerializationJavaToJson" name="complexAOB" time="0.353"/>
  <testcase classname="Serialization.EmpSerializationJavaToJson" name="complexDataSer" time="0.007"/>
</testsuite> <!-- Serialization.EmpSerializationJavaToJson -->
