<?xml version="1.0" encoding="UTF-8"?>
<!-- Generated by org.testng.reporters.JUnitReportReporter -->
<testsuite hostname="DESKTOP-8U4S44M" failures="0" tests="1" name="BDDApproachReqres.CreatePost" time="4.215" errors="0" timestamp="2023-09-07T14:47:22 IST" skipped="0">
  <testcase classname="BDDApproachReqres.CreatePost" name="createPost" time="4.215"/>
</testsuite> <!-- BDDApproachReqres.CreatePost -->
