<?xml version="1.0" encoding="UTF-8"?>
<!-- Generated by org.testng.reporters.JUnitReportReporter -->
<testsuite hostname="DESKTOP-8U4S44M" failures="0" tests="1" name="ResponceBodyValidation.StaticReponse" time="5.078" errors="0" timestamp="2023-08-07T12:26:56 IST" skipped="0">
  <testcase classname="ResponceBodyValidation.StaticReponse" name="checkStaticResponse" time="5.078"/>
</testsuite> <!-- ResponceBodyValidation.StaticReponse -->
