<?xml version="1.0" encoding="UTF-8"?>
<!-- Generated by org.testng.reporters.JUnitReportReporter -->
<testsuite hostname="DESKTOP-8U4S44M" failures="0" tests="1" name="DifferaentWaysToPostARequest.JsonFileReqres" time="3.690" errors="0" timestamp="2023-08-07T15:34:43 IST" skipped="0">
  <testcase classname="DifferaentWaysToPostARequest.JsonFileReqres" name="usingHashMapReqres" time="3.690"/>
</testsuite> <!-- DifferaentWaysToPostARequest.JsonFileReqres -->
