<?xml version="1.0" encoding="UTF-8"?>
<!-- Generated by org.testng.reporters.JUnitReportReporter -->
<testsuite hostname="DESKTOP-8U4S44M" failures="0" tests="1" name="DifferaentWaysToPostARequest.JsonFileReqres" time="4.129" errors="0" timestamp="2023-11-13T09:56:22 IST" skipped="0">
  <testcase classname="DifferaentWaysToPostARequest.JsonFileReqres" name="usingHashMapReqres" time="4.129"/>
</testsuite> <!-- DifferaentWaysToPostARequest.JsonFileReqres -->
