<?xml version="1.0" encoding="UTF-8"?>
<!-- Generated by org.testng.reporters.JUnitReportReporter -->
<testsuite hostname="DESKTOP-8U4S44M" failures="0" tests="1" name="practiceRMG_Yantra.CRUD_GetAllUser" time="4.185" errors="0" timestamp="2023-08-04T12:14:48 IST" skipped="0">
  <testcase classname="practiceRMG_Yantra.CRUD_GetAllUser" name="getAllusersFromReqres" time="4.185"/>
</testsuite> <!-- practiceRMG_Yantra.CRUD_GetAllUser -->
