<?xml version="1.0" encoding="UTF-8"?>
<!-- Generated by org.testng.reporters.JUnitReportReporter -->
<testsuite hostname="DESKTOP-8U4S44M" failures="0" tests="1" name="BDDApproachRMG.DeleteUser" time="2.364" errors="0" timestamp="2023-08-07T10:59:48 IST" skipped="0">
  <testcase classname="BDDApproachRMG.DeleteUser" name="deleteUser" time="2.364"/>
</testsuite> <!-- BDDApproachRMG.DeleteUser -->
