<?xml version="1.0" encoding="UTF-8"?>
<!-- Generated by org.testng.reporters.JUnitReportReporter -->
<testsuite hostname="DESKTOP-8U4S44M" failures="0" tests="1" name="Interview_RestAssured.ReqHeaderValidation" time="2.313" errors="0" timestamp="2023-08-09T15:55:59 IST" skipped="0">
  <testcase classname="Interview_RestAssured.ReqHeaderValidation" name="verifyReqHeader" time="2.313"/>
</testsuite> <!-- Interview_RestAssured.ReqHeaderValidation -->
