<?xml version="1.0" encoding="UTF-8"?>
<!-- Generated by org.testng.reporters.JUnitReportReporter -->
<testsuite hostname="DESKTOP-8U4S44M" failures="0" tests="3" name="Serialization.EmpSerializationJavaToJson" time="0.391" errors="0" timestamp="2023-09-08T13:31:06 IST" skipped="0">
  <testcase classname="Serialization.EmpSerializationJavaToJson" name="simpleEmpSer" time="0.012"/>
  <testcase classname="Serialization.EmpSerializationJavaToJson" name="complexAOB" time="0.368"/>
  <testcase classname="Serialization.EmpSerializationJavaToJson" name="complexDataSer" time="0.011"/>
</testsuite> <!-- Serialization.EmpSerializationJavaToJson -->
