<?xml version="1.0" encoding="UTF-8"?>
<!-- Generated by org.testng.reporters.JUnitReportReporter -->
<testsuite hostname="DESKTOP-8U4S44M" failures="0" tests="3" name="Interview_RestAssured.WriteResponceINJsonFile" time="2.421" errors="0" timestamp="2023-08-21T10:51:14 IST" skipped="0">
  <testcase classname="Interview_RestAssured.WriteResponceINJsonFile" name="writeInFile3" time="0.029"/>
  <testcase classname="Interview_RestAssured.WriteResponceINJsonFile" name="writeInFile" time="2.336"/>
  <testcase classname="Interview_RestAssured.WriteResponceINJsonFile" name="writeInFile2" time="0.056"/>
</testsuite> <!-- Interview_RestAssured.WriteResponceINJsonFile -->
