<?xml version="1.0" encoding="UTF-8"?>
<!-- Generated by org.testng.reporters.JUnitReportReporter -->
<testsuite hostname="DESKTOP-8U4S44M" failures="0" tests="1" name="Authentication.BearerToken" time="4.672" errors="0" timestamp="2023-08-08T17:29:55 IST" skipped="0">
  <testcase classname="Authentication.BearerToken" name="bearerToken" time="4.672"/>
</testsuite> <!-- Authentication.BearerToken -->
