<?xml version="1.0" encoding="UTF-8"?>
<!-- Generated by org.testng.reporters.JUnitReportReporter -->
<testsuite hostname="DESKTOP-8U4S44M" failures="0" tests="1" name="BDDApproachRMG.GetSinleProject" time="2.078" errors="0" timestamp="2023-08-04T15:48:57 IST" skipped="0">
  <testcase classname="BDDApproachRMG.GetSinleProject" name="getSingleUser" time="2.078"/>
</testsuite> <!-- BDDApproachRMG.GetSinleProject -->
