<?xml version="1.0" encoding="UTF-8"?>
<!-- Generated by org.testng.reporters.JUnitReportReporter -->
<testsuite hostname="DESKTOP-8U4S44M" failures="0" tests="1" name="practiceRMG_Yantra.CRUD_Put" time="2.767" errors="0" timestamp="2023-08-04T12:40:23 IST" skipped="0">
  <testcase classname="practiceRMG_Yantra.CRUD_Put" name="updateUserusingPut" time="2.767"/>
</testsuite> <!-- practiceRMG_Yantra.CRUD_Put -->
