<?xml version="1.0" encoding="UTF-8"?>
<!-- Generated by org.testng.reporters.JUnitReportReporter -->
<testsuite hostname="DESKTOP-8U4S44M" failures="0" tests="1" name="Authentication.Basic_DigestAuth" time="2.301" errors="0" timestamp="2023-08-08T17:38:15 IST" skipped="0">
  <testcase classname="Authentication.Basic_DigestAuth" name="basicDigestAuth" time="2.301"/>
</testsuite> <!-- Authentication.Basic_DigestAuth -->
