<?xml version="1.0" encoding="UTF-8"?>
<!-- Generated by org.testng.reporters.JUnitReportReporter -->
<testsuite hostname="DESKTOP-8U4S44M" failures="0" tests="3" name="Serialization.EmpSerializationJavaToJson" time="0.360" errors="0" timestamp="2023-08-13T18:19:31 IST" skipped="0">
  <testcase classname="Serialization.EmpSerializationJavaToJson" name="complexDataSer" time="0.005"/>
  <testcase classname="Serialization.EmpSerializationJavaToJson" name="simpleEmpSer" time="0.006"/>
  <testcase classname="Serialization.EmpSerializationJavaToJson" name="complexAOB" time="0.349"/>
</testsuite> <!-- Serialization.EmpSerializationJavaToJson -->
