<?xml version="1.0" encoding="UTF-8"?>
<!-- Generated by org.testng.reporters.JUnitReportReporter -->
<testsuite hostname="DESKTOP-8U4S44M" failures="0" tests="1" name="practiceReqres.CRUD_Delete" time="3.287" errors="0" timestamp="2023-08-04T11:10:50 IST" skipped="0">
  <testcase classname="practiceReqres.CRUD_Delete" name="deleteUsers" time="3.287"/>
</testsuite> <!-- practiceReqres.CRUD_Delete -->
