<?xml version="1.0" encoding="UTF-8"?>
<!-- Generated by org.testng.reporters.JUnitReportReporter -->
<testsuite hostname="DESKTOP-8U4S44M" failures="0" tests="1" name="RequestChaining.RequestChainingRmg" time="3.815" errors="0" timestamp="2023-08-08T15:02:30 IST" skipped="0">
  <testcase classname="RequestChaining.RequestChainingRmg" name="postChaining" time="3.815">
    <system-out>
      <![CDATA[GENERATED ProjectId -------------> TY_PROJ_25053
TY_PROJ_25053...........Project Updated ........
TY_PROJ_25053...........Project Deleted ........]]>
    </system-out>
  </testcase> <!-- postChaining -->
  <system-out>
    <![CDATA[GENERATED ProjectId -------------> TY_PROJ_25053
TY_PROJ_25053...........Project Updated ........
TY_PROJ_25053...........Project Deleted ........]]>
  </system-out>
</testsuite> <!-- RequestChaining.RequestChainingRmg -->
