<?xml version="1.0" encoding="UTF-8"?>
<!-- Generated by org.testng.reporters.JUnitReportReporter -->
<testsuite hostname="DESKTOP-8U4S44M" failures="0" tests="1" name="practiceRMG_Yantra.CRUD_Post" time="2.864" errors="0" timestamp="2023-08-04T13:05:41 IST" skipped="0">
  <testcase classname="practiceRMG_Yantra.CRUD_Post" name="createProjectUsingPost" time="2.864"/>
</testsuite> <!-- practiceRMG_Yantra.CRUD_Post -->
