<?xml version="1.0" encoding="UTF-8"?>
<!-- Generated by org.testng.reporters.JUnitReportReporter -->
<testsuite hostname="DESKTOP-8U4S44M" failures="0" tests="1" name="Interview_RestAssured.SpecBuilder" time="3.423" errors="0" timestamp="2023-08-14T12:12:04 IST" skipped="0">
  <testcase classname="Interview_RestAssured.SpecBuilder" name="specBuilder" time="3.423"/>
</testsuite> <!-- Interview_RestAssured.SpecBuilder -->
