<?xml version="1.0" encoding="UTF-8"?>
<!-- Generated by org.testng.reporters.JUnitReportReporter -->
<testsuite hostname="DESKTOP-8U4S44M" failures="0" tests="1" name="Interview_RestAssured.SchemaValidator" time="3.623" errors="0" timestamp="2023-11-13T10:16:01 IST" skipped="0">
  <testcase classname="Interview_RestAssured.SchemaValidator" name="schema" time="3.623"/>
</testsuite> <!-- Interview_RestAssured.SchemaValidator -->
