<?xml version="1.0" encoding="UTF-8"?>
<!-- Generated by org.testng.reporters.JUnitReportReporter -->
<testsuite hostname="DESKTOP-8U4S44M" failures="0" tests="1" name="ResponceBodyValidation.StaticResponseReqres" time="5.141" errors="0" timestamp="2023-08-13T19:34:58 IST" skipped="0">
  <testcase classname="ResponceBodyValidation.StaticResponseReqres" name="staticRes" time="5.141"/>
</testsuite> <!-- ResponceBodyValidation.StaticResponseReqres -->
