<?xml version="1.0" encoding="UTF-8"?>
<!-- Generated by org.testng.reporters.JUnitReportReporter -->
<testsuite hostname="DESKTOP-8U4S44M" failures="0" tests="1" name="SpecBuilders.SchemaValidator" time="4.171" errors="0" timestamp="2023-08-09T15:06:11 IST" skipped="0">
  <testcase classname="SpecBuilders.SchemaValidator" name="schema" time="4.171"/>
</testsuite> <!-- SpecBuilders.SchemaValidator -->
