<?xml version="1.0" encoding="UTF-8"?>
<!-- Generated by org.testng.reporters.JUnitReportReporter -->
<testsuite hostname="DESKTOP-8U4S44M" failures="0" tests="1" name="practiceReqres.CRUD_Put" time="3.776" errors="0" timestamp="2023-08-04T11:22:15 IST" skipped="0">
  <testcase classname="practiceReqres.CRUD_Put" name="updateUserusingPut" time="3.776"/>
</testsuite> <!-- practiceReqres.CRUD_Put -->
