<?xml version="1.0" encoding="UTF-8"?>
<!-- Generated by org.testng.reporters.JUnitReportReporter -->
<testsuite hostname="DESKTOP-8U4S44M" failures="0" tests="1" name="BDDApproachReqres.UpdatePut" time="6.462" errors="0" timestamp="2023-09-07T13:44:30 IST" skipped="0">
  <testcase classname="BDDApproachReqres.UpdatePut" name="updateProject" time="6.462"/>
</testsuite> <!-- BDDApproachReqres.UpdatePut -->
